mode: set
github.com/k61b/okul/config/config.go:30.46,40.16 7 1
github.com/k61b/okul/config/config.go:40.16,42.3 1 1
github.com/k61b/okul/config/config.go:44.2,46.16 3 1
github.com/k61b/okul/config/config.go:46.16,48.3 1 0
github.com/k61b/okul/config/config.go:51.2,55.16 3 1
github.com/k61b/okul/config/config.go:55.16,57.3 1 0
github.com/k61b/okul/config/config.go:59.2,59.21 1 1
github.com/k61b/okul/config/config.go:63.57,64.13 1 1
github.com/k61b/okul/config/config.go:65.13,66.27 1 1
github.com/k61b/okul/config/config.go:67.14,68.25 1 1
github.com/k61b/okul/config/config.go:69.10,70.27 1 0
github.com/k61b/okul/config/config.go:75.40,76.27 1 1
github.com/k61b/okul/config/config.go:76.27,78.3 1 1
github.com/k61b/okul/config/config.go:79.2,79.29 1 1
github.com/k61b/okul/config/config.go:79.29,81.3 1 1
github.com/k61b/okul/config/config.go:83.2,83.12 1 1
